<?xml version="1.0" encoding="UTF-8"?>
<!-- Generated by org.testng.reporters.JUnitXMLReporter -->
<testsuite ignored="0" hostname="DESKTOP-I3NEJG6" failures="0" tests="3" name="Default test" time="73.084" errors="0" timestamp="2026-06-24T00:53:14 IST">
  <testcase classname="com.ecommerce.automation.tests.CheckoutFlowTest" name="shouldInitiateCheckoutAndShowPlacedOrderInOrders" time="22.802"/>
  <testcase classname="com.ecommerce.automation.tests.CheckoutFlowTest" name="shouldRejectCheckoutFormWithInvalidPincodeAndContactNumber" time="18.202"/>
  <testcase classname="com.ecommerce.automation.tests.CheckoutFlowTest" name="shouldValidateCheckoutFormInputs" time="13.727"/>
</testsuite> <!-- Default test -->
