<?xml version="1.0" encoding="UTF-8"?>
<!-- Generated by org.testng.reporters.JUnitXMLReporter -->
<testsuite ignored="0" hostname="DESKTOP-I3NEJG6" failures="0" tests="3" name="Default test" time="58.092" errors="0" timestamp="2026-06-05T09:06:07 IST">
  <testcase classname="com.ecommerce.automation.tests.RegistrationTest" name="shouldCreateAccountWithValidDetails" time="12.089"/>
  <testcase classname="com.ecommerce.automation.tests.RegistrationTest" name="shouldShowPasswordErrorWhenPasswordIsLessThanSixCharacters" time="7.353"/>
  <testcase classname="com.ecommerce.automation.tests.RegistrationTest" name="shouldValidateRegistrationFields" time="3.078"/>
</testsuite> <!-- Default test -->
