<?xml version="1.0" encoding="UTF-8"?>
<testng-results ignored="0" total="13" passed="13" failed="0" skipped="0">
  <reporter-output>
  </reporter-output>
  <suite started-at="2026-06-11T08:51:34 IST" name="Default suite" finished-at="2026-06-11T08:52:58 IST" duration-ms="83645">
    <groups>
    </groups>
    <test started-at="2026-06-11T08:51:34 IST" name="Default test" finished-at="2026-06-11T08:52:58 IST" duration-ms="83645">
      <class name="com.ecommerce.automation.tests.RegistrationTest">
        <test-method is-config="true" signature="setUp()[pri:0, instance:com.ecommerce.automation.tests.RegistrationTest@4e928fbf]" started-at="2026-06-11T08:52:45 IST" name="setUp" finished-at="2026-06-11T08:52:51 IST" duration-ms="5581" status="PASS">
          <reporter-output>
          </reporter-output>
        </test-method> <!-- setUp -->
        <test-method is-config="true" signature="resetBrowserState()[pri:0, instance:com.ecommerce.automation.tests.RegistrationTest@4e928fbf]" started-at="2026-06-11T08:52:51 IST" name="resetBrowserState" finished-at="2026-06-11T08:52:51 IST" duration-ms="177" status="PASS">
          <reporter-output>
          </reporter-output>
        </test-method> <!-- resetBrowserState -->
        <test-method signature="shouldCreateAccountWithValidDetails()[pri:0, instance:com.ecommerce.automation.tests.RegistrationTest@4e928fbf]" started-at="2026-06-11T08:52:51 IST" name="shouldCreateAccountWithValidDetails" finished-at="2026-06-11T08:52:53 IST" duration-ms="2401" status="PASS">
          <reporter-output>
          </reporter-output>
        </test-method> <!-- shouldCreateAccountWithValidDetails -->
        <test-method is-config="true" signature="resetBrowserState()[pri:0, instance:com.ecommerce.automation.tests.RegistrationTest@4e928fbf]" started-at="2026-06-11T08:52:53 IST" name="resetBrowserState" finished-at="2026-06-11T08:52:53 IST" duration-ms="115" status="PASS">
          <reporter-output>
          </reporter-output>
        </test-method> <!-- resetBrowserState -->
        <test-method signature="shouldShowPopupMessageForInvalidEmailType()[pri:0, instance:com.ecommerce.automation.tests.RegistrationTest@4e928fbf]" started-at="2026-06-11T08:52:53 IST" name="shouldShowPopupMessageForInvalidEmailType" finished-at="2026-06-11T08:52:56 IST" duration-ms="3033" status="PASS">
          <reporter-output>
          </reporter-output>
        </test-method> <!-- shouldShowPopupMessageForInvalidEmailType -->
        <test-method is-config="true" signature="tearDown()[pri:0, instance:com.ecommerce.automation.tests.RegistrationTest@4e928fbf]" started-at="2026-06-11T08:52:56 IST" name="tearDown" finished-at="2026-06-11T08:52:58 IST" duration-ms="1607" status="PASS">
          <reporter-output>
          </reporter-output>
        </test-method> <!-- tearDown -->
      </class> <!-- com.ecommerce.automation.tests.RegistrationTest -->
      <class name="com.ecommerce.automation.tests.HomePageSmokeTest">
        <test-method is-config="true" signature="setUp()[pri:0, instance:com.ecommerce.automation.tests.HomePageSmokeTest@3116c353]" started-at="2026-06-11T08:52:17 IST" name="setUp" finished-at="2026-06-11T08:52:22 IST" duration-ms="4405" status="PASS">
          <reporter-output>
          </reporter-output>
        </test-method> <!-- setUp -->
        <test-method is-config="true" signature="resetBrowserState()[pri:0, instance:com.ecommerce.automation.tests.HomePageSmokeTest@3116c353]" started-at="2026-06-11T08:52:22 IST" name="resetBrowserState" finished-at="2026-06-11T08:52:22 IST" duration-ms="126" status="PASS">
          <reporter-output>
          </reporter-output>
        </test-method> <!-- resetBrowserState -->
        <test-method signature="shouldOpenHomePage()[pri:0, instance:com.ecommerce.automation.tests.HomePageSmokeTest@3116c353]" started-at="2026-06-11T08:52:22 IST" name="shouldOpenHomePage" finished-at="2026-06-11T08:52:23 IST" duration-ms="1645" status="PASS">
          <reporter-output>
          </reporter-output>
        </test-method> <!-- shouldOpenHomePage -->
        <test-method is-config="true" signature="tearDown()[pri:0, instance:com.ecommerce.automation.tests.HomePageSmokeTest@3116c353]" started-at="2026-06-11T08:52:23 IST" name="tearDown" finished-at="2026-06-11T08:52:26 IST" duration-ms="2222" status="PASS">
          <reporter-output>
          </reporter-output>
        </test-method> <!-- tearDown -->
      </class> <!-- com.ecommerce.automation.tests.HomePageSmokeTest -->
      <class name="com.ecommerce.automation.tests.AuthNavigationTest">
        <test-method is-config="true" signature="setUp()[pri:0, instance:com.ecommerce.automation.tests.AuthNavigationTest@4f4c4b1a]" started-at="2026-06-11T08:51:34 IST" name="setUp" finished-at="2026-06-11T08:51:45 IST" duration-ms="10475" status="PASS">
          <reporter-output>
          </reporter-output>
        </test-method> <!-- setUp -->
        <test-method is-config="true" signature="resetBrowserState()[pri:0, instance:com.ecommerce.automation.tests.AuthNavigationTest@4f4c4b1a]" started-at="2026-06-11T08:51:45 IST" name="resetBrowserState" finished-at="2026-06-11T08:51:45 IST" duration-ms="169" status="PASS">
          <reporter-output>
          </reporter-output>
        </test-method> <!-- resetBrowserState -->
        <test-method signature="shouldNavigateFromLoginToSignup()[pri:0, instance:com.ecommerce.automation.tests.AuthNavigationTest@4f4c4b1a]" started-at="2026-06-11T08:51:45 IST" name="shouldNavigateFromLoginToSignup" finished-at="2026-06-11T08:51:47 IST" duration-ms="1248" status="PASS">
          <reporter-output>
          </reporter-output>
        </test-method> <!-- shouldNavigateFromLoginToSignup -->
        <test-method is-config="true" signature="resetBrowserState()[pri:0, instance:com.ecommerce.automation.tests.AuthNavigationTest@4f4c4b1a]" started-at="2026-06-11T08:51:47 IST" name="resetBrowserState" finished-at="2026-06-11T08:51:47 IST" duration-ms="16" status="PASS">
          <reporter-output>
          </reporter-output>
        </test-method> <!-- resetBrowserState -->
        <test-method signature="shouldNavigateFromSignupToLogin()[pri:0, instance:com.ecommerce.automation.tests.AuthNavigationTest@4f4c4b1a]" started-at="2026-06-11T08:51:47 IST" name="shouldNavigateFromSignupToLogin" finished-at="2026-06-11T08:51:47 IST" duration-ms="407" status="PASS">
          <reporter-output>
          </reporter-output>
        </test-method> <!-- shouldNavigateFromSignupToLogin -->
        <test-method is-config="true" signature="resetBrowserState()[pri:0, instance:com.ecommerce.automation.tests.AuthNavigationTest@4f4c4b1a]" started-at="2026-06-11T08:51:47 IST" name="resetBrowserState" finished-at="2026-06-11T08:51:47 IST" duration-ms="9" status="PASS">
          <reporter-output>
          </reporter-output>
        </test-method> <!-- resetBrowserState -->
        <test-method signature="shouldOpenAndCloseForgotPasswordPopup()[pri:0, instance:com.ecommerce.automation.tests.AuthNavigationTest@4f4c4b1a]" started-at="2026-06-11T08:51:47 IST" name="shouldOpenAndCloseForgotPasswordPopup" finished-at="2026-06-11T08:51:48 IST" duration-ms="597" status="PASS">
          <reporter-output>
          </reporter-output>
        </test-method> <!-- shouldOpenAndCloseForgotPasswordPopup -->
        <test-method is-config="true" signature="tearDown()[pri:0, instance:com.ecommerce.automation.tests.AuthNavigationTest@4f4c4b1a]" started-at="2026-06-11T08:51:48 IST" name="tearDown" finished-at="2026-06-11T08:51:48 IST" duration-ms="371" status="PASS">
          <reporter-output>
          </reporter-output>
        </test-method> <!-- tearDown -->
      </class> <!-- com.ecommerce.automation.tests.AuthNavigationTest -->
      <class name="com.ecommerce.automation.tests.ProductListingTest">
        <test-method is-config="true" signature="setUp()[pri:0, instance:com.ecommerce.automation.tests.ProductListingTest@f627d13]" started-at="2026-06-11T08:52:26 IST" name="setUp" finished-at="2026-06-11T08:52:28 IST" duration-ms="2543" status="PASS">
          <reporter-output>
          </reporter-output>
        </test-method> <!-- setUp -->
        <test-method is-config="true" signature="resetBrowserState()[pri:0, instance:com.ecommerce.automation.tests.ProductListingTest@f627d13]" started-at="2026-06-11T08:52:28 IST" name="resetBrowserState" finished-at="2026-06-11T08:52:28 IST" duration-ms="199" status="PASS">
          <reporter-output>
          </reporter-output>
        </test-method> <!-- resetBrowserState -->
        <test-method signature="shouldDisplayProductListingPage()[pri:0, instance:com.ecommerce.automation.tests.ProductListingTest@f627d13]" started-at="2026-06-11T08:52:28 IST" name="shouldDisplayProductListingPage" finished-at="2026-06-11T08:52:38 IST" duration-ms="9696" status="PASS">
          <reporter-output>
          </reporter-output>
        </test-method> <!-- shouldDisplayProductListingPage -->
        <test-method is-config="true" signature="resetBrowserState()[pri:0, instance:com.ecommerce.automation.tests.ProductListingTest@f627d13]" started-at="2026-06-11T08:52:38 IST" name="resetBrowserState" finished-at="2026-06-11T08:52:38 IST" duration-ms="179" status="PASS">
          <reporter-output>
          </reporter-output>
        </test-method> <!-- resetBrowserState -->
        <test-method signature="shouldDisplayVisibleProductsWithRequiredDetails()[pri:0, instance:com.ecommerce.automation.tests.ProductListingTest@f627d13]" started-at="2026-06-11T08:52:38 IST" name="shouldDisplayVisibleProductsWithRequiredDetails" finished-at="2026-06-11T08:52:45 IST" duration-ms="6358" status="PASS">
          <reporter-output>
          </reporter-output>
        </test-method> <!-- shouldDisplayVisibleProductsWithRequiredDetails -->
        <test-method is-config="true" signature="tearDown()[pri:0, instance:com.ecommerce.automation.tests.ProductListingTest@f627d13]" started-at="2026-06-11T08:52:45 IST" name="tearDown" finished-at="2026-06-11T08:52:45 IST" duration-ms="385" status="PASS">
          <reporter-output>
          </reporter-output>
        </test-method> <!-- tearDown -->
      </class> <!-- com.ecommerce.automation.tests.ProductListingTest -->
      <class name="com.ecommerce.automation.tests.LoginTest">
        <test-method is-config="true" signature="setUp()[pri:0, instance:com.ecommerce.automation.tests.LoginTest@6ea2bc93]" started-at="2026-06-11T08:51:48 IST" name="setUp" finished-at="2026-06-11T08:51:54 IST" duration-ms="5785" status="PASS">
          <reporter-output>
          </reporter-output>
        </test-method> <!-- setUp -->
        <test-method is-config="true" signature="resetBrowserState()[pri:0, instance:com.ecommerce.automation.tests.LoginTest@6ea2bc93]" started-at="2026-06-11T08:51:54 IST" name="resetBrowserState" finished-at="2026-06-11T08:51:54 IST" duration-ms="86" status="PASS">
          <reporter-output>
          </reporter-output>
        </test-method> <!-- resetBrowserState -->
        <test-method signature="shouldLoginWithValidCredentials()[pri:0, instance:com.ecommerce.automation.tests.LoginTest@6ea2bc93]" started-at="2026-06-11T08:51:54 IST" name="shouldLoginWithValidCredentials" finished-at="2026-06-11T08:52:00 IST" duration-ms="5663" status="PASS">
          <reporter-output>
          </reporter-output>
        </test-method> <!-- shouldLoginWithValidCredentials -->
        <test-method is-config="true" signature="resetBrowserState()[pri:0, instance:com.ecommerce.automation.tests.LoginTest@6ea2bc93]" started-at="2026-06-11T08:52:00 IST" name="resetBrowserState" finished-at="2026-06-11T08:52:00 IST" duration-ms="34" status="PASS">
          <reporter-output>
          </reporter-output>
        </test-method> <!-- resetBrowserState -->
        <test-method signature="shouldLogoutAfterLogin()[pri:0, instance:com.ecommerce.automation.tests.LoginTest@6ea2bc93]" started-at="2026-06-11T08:52:00 IST" name="shouldLogoutAfterLogin" finished-at="2026-06-11T08:52:03 IST" duration-ms="2958" status="PASS">
          <reporter-output>
          </reporter-output>
        </test-method> <!-- shouldLogoutAfterLogin -->
        <test-method is-config="true" signature="resetBrowserState()[pri:0, instance:com.ecommerce.automation.tests.LoginTest@6ea2bc93]" started-at="2026-06-11T08:52:03 IST" name="resetBrowserState" finished-at="2026-06-11T08:52:03 IST" duration-ms="36" status="PASS">
          <reporter-output>
          </reporter-output>
        </test-method> <!-- resetBrowserState -->
        <test-method signature="shouldRedirectToLoginAfterLogoutWhenOpeningDashboard()[pri:0, instance:com.ecommerce.automation.tests.LoginTest@6ea2bc93]" started-at="2026-06-11T08:52:03 IST" name="shouldRedirectToLoginAfterLogoutWhenOpeningDashboard" finished-at="2026-06-11T08:52:08 IST" duration-ms="5156" status="PASS">
          <reporter-output>
          </reporter-output>
        </test-method> <!-- shouldRedirectToLoginAfterLogoutWhenOpeningDashboard -->
        <test-method is-config="true" signature="resetBrowserState()[pri:0, instance:com.ecommerce.automation.tests.LoginTest@6ea2bc93]" started-at="2026-06-11T08:52:08 IST" name="resetBrowserState" finished-at="2026-06-11T08:52:08 IST" duration-ms="44" status="PASS">
          <reporter-output>
          </reporter-output>
        </test-method> <!-- resetBrowserState -->
        <test-method signature="shouldRedirectToLoginAfterSessionIsCleared()[pri:0, instance:com.ecommerce.automation.tests.LoginTest@6ea2bc93]" started-at="2026-06-11T08:52:08 IST" name="shouldRedirectToLoginAfterSessionIsCleared" finished-at="2026-06-11T08:52:13 IST" duration-ms="4807" status="PASS">
          <reporter-output>
          </reporter-output>
        </test-method> <!-- shouldRedirectToLoginAfterSessionIsCleared -->
        <test-method is-config="true" signature="resetBrowserState()[pri:0, instance:com.ecommerce.automation.tests.LoginTest@6ea2bc93]" started-at="2026-06-11T08:52:13 IST" name="resetBrowserState" finished-at="2026-06-11T08:52:13 IST" duration-ms="17" status="PASS">
          <reporter-output>
          </reporter-output>
        </test-method> <!-- resetBrowserState -->
        <test-method signature="shouldShowErrorMessageForInvalidCredentials()[pri:0, instance:com.ecommerce.automation.tests.LoginTest@6ea2bc93]" started-at="2026-06-11T08:52:13 IST" name="shouldShowErrorMessageForInvalidCredentials" finished-at="2026-06-11T08:52:15 IST" duration-ms="2446" status="PASS">
          <reporter-output>
          </reporter-output>
        </test-method> <!-- shouldShowErrorMessageForInvalidCredentials -->
        <test-method is-config="true" signature="tearDown()[pri:0, instance:com.ecommerce.automation.tests.LoginTest@6ea2bc93]" started-at="2026-06-11T08:52:15 IST" name="tearDown" finished-at="2026-06-11T08:52:17 IST" duration-ms="1996" status="PASS">
          <reporter-output>
          </reporter-output>
        </test-method> <!-- tearDown -->
      </class> <!-- com.ecommerce.automation.tests.LoginTest -->
    </test> <!-- Default test -->
  </suite> <!-- Default suite -->
</testng-results>
