<?xml version="1.0" encoding="UTF-8"?>
<!-- Generated by org.testng.reporters.JUnitReportReporter -->
<testsuite hostname="DESKTOP-I3NEJG6" failures="0" tests="8" name="com.ecommerce.automation.tests.AddToCartTest" time="42.928" errors="0" timestamp="2026-06-22T00:21:56 IST" skipped="0">
  <testcase classname="com.ecommerce.automation.tests.AddToCartTest" name="shouldRemoveItemFromCart" time="5.861"/>
  <testcase classname="com.ecommerce.automation.tests.AddToCartTest" name="shouldVerifyCartQuantityAndPriceTotals" time="5.086"/>
  <testcase classname="com.ecommerce.automation.tests.AddToCartTest" name="shouldValidateCartSummaryForMultipleItems" time="5.185"/>
  <testcase classname="com.ecommerce.automation.tests.AddToCartTest" name="shouldValidateCartItemDetails" time="5.183"/>
  <testcase classname="com.ecommerce.automation.tests.AddToCartTest" name="shouldAddProductToCartFromCatalog" time="8.285"/>
  <testcase classname="com.ecommerce.automation.tests.AddToCartTest" name="shouldHandleCartEdgeCases" time="5.194"/>
  <testcase classname="com.ecommerce.automation.tests.AddToCartTest" name="shouldShowAddedProductInCart" time="3.282"/>
  <testcase classname="com.ecommerce.automation.tests.AddToCartTest" name="shouldUpdateCartItemQuantity" time="4.852"/>
</testsuite> <!-- com.ecommerce.automation.tests.AddToCartTest -->
