<?xml version="1.0" encoding="UTF-8"?>
<!-- Generated by org.testng.reporters.JUnitReportReporter -->
<testsuite hostname="DESKTOP-I3NEJG6" failures="0" tests="2" name="com.ecommerce.automation.tests.ProductListingTest" time="16.432" errors="0" timestamp="2026-06-11T08:52:58 IST" skipped="0">
  <testcase classname="com.ecommerce.automation.tests.ProductListingTest" name="shouldDisplayProductListingPage" time="9.875"/>
  <testcase classname="com.ecommerce.automation.tests.ProductListingTest" name="shouldDisplayVisibleProductsWithRequiredDetails" time="6.557"/>
</testsuite> <!-- com.ecommerce.automation.tests.ProductListingTest -->
