<?xml version="1.0" encoding="UTF-8"?>
<!-- Generated by org.testng.reporters.JUnitReportReporter -->
<testsuite hostname="DESKTOP-I3NEJG6" failures="0" tests="6" name="com.ecommerce.automation.tests.CheckoutFlowTest" time="51.622" errors="0" timestamp="2026-06-25T07:49:47 IST" skipped="0">
  <testcase classname="com.ecommerce.automation.tests.CheckoutFlowTest" name="shouldInitiateCheckoutAndShowPlacedOrderInOrders" time="15.392"/>
  <testcase classname="com.ecommerce.automation.tests.CheckoutFlowTest" name="shouldValidateCheckoutFormInputs" time="10.995"/>
  <testcase classname="com.ecommerce.automation.tests.CheckoutFlowTest" name="shouldValidateCheckoutSummaryAndTotalsWithMultipleDatasets" time="6.188"/>
  <testcase classname="com.ecommerce.automation.tests.CheckoutFlowTest" name="shouldRejectCheckoutFormWithInvalidPincodeAndContactNumber" time="7.641"/>
  <testcase classname="com.ecommerce.automation.tests.CheckoutFlowTest" name="shouldValidateCheckoutSummaryAndTotalsWithMultipleDatasets" time="5.648"/>
  <testcase classname="com.ecommerce.automation.tests.CheckoutFlowTest" name="shouldValidateCheckoutSummaryAndTotalsWithMultipleDatasets" time="5.758"/>
</testsuite> <!-- com.ecommerce.automation.tests.CheckoutFlowTest -->
