<?xml version="1.0" encoding="UTF-8"?>
<!-- Generated by org.testng.reporters.JUnitReportReporter -->
<testsuite hostname="DESKTOP-I3NEJG6" failures="0" tests="3" name="com.ecommerce.automation.tests.CheckoutFlowTest" time="54.908" errors="0" timestamp="2026-06-24T00:53:15 IST" skipped="0">
  <testcase classname="com.ecommerce.automation.tests.CheckoutFlowTest" name="shouldInitiateCheckoutAndShowPlacedOrderInOrders" time="22.869"/>
  <testcase classname="com.ecommerce.automation.tests.CheckoutFlowTest" name="shouldRejectCheckoutFormWithInvalidPincodeAndContactNumber" time="18.232"/>
  <testcase classname="com.ecommerce.automation.tests.CheckoutFlowTest" name="shouldValidateCheckoutFormInputs" time="13.807"/>
</testsuite> <!-- com.ecommerce.automation.tests.CheckoutFlowTest -->
