<?xml version="1.0" encoding="UTF-8"?>
<!-- Generated by org.testng.reporters.JUnitReportReporter -->
<testsuite hostname="DESKTOP-I3NEJG6" failures="0" tests="2" name="com.ecommerce.automation.tests.LoginLogoutTest" time="30.606" errors="0" timestamp="2026-06-10T08:53:01 IST" skipped="0">
  <testcase classname="com.ecommerce.automation.tests.LoginLogoutTest" name="shouldShowErrorMessageForInvalidCredentials" time="12.360"/>
  <testcase classname="com.ecommerce.automation.tests.LoginLogoutTest" name="shouldLoginWithValidCredentialsAndLogout" time="18.246"/>
</testsuite> <!-- com.ecommerce.automation.tests.LoginLogoutTest -->
