<?xml version="1.0" encoding="UTF-8"?>
<!-- Generated by org.testng.reporters.JUnitReportReporter -->
<testsuite hostname="DESKTOP-I3NEJG6" failures="0" tests="3" name="com.ecommerce.automation.tests.ProductListingTest" time="11.428" errors="0" timestamp="2026-06-11T23:32:53 IST" skipped="0">
  <testcase classname="com.ecommerce.automation.tests.ProductListingTest" name="shouldNavigateToSelectedProductDetails" time="4.987"/>
  <testcase classname="com.ecommerce.automation.tests.ProductListingTest" name="shouldDisplayProductNameAndPrice" time="3.226"/>
  <testcase classname="com.ecommerce.automation.tests.ProductListingTest" name="shouldDisplayProductListingPage" time="3.215"/>
</testsuite> <!-- com.ecommerce.automation.tests.ProductListingTest -->
