<?xml version="1.0" encoding="UTF-8"?>
<!-- Generated by org.testng.reporters.JUnitReportReporter -->
<testsuite hostname="DESKTOP-I3NEJG6" failures="0" tests="3" name="com.ecommerce.automation.tests.RegistrationTest" time="57.888" errors="0" timestamp="2026-06-05T09:06:07 IST" skipped="0">
  <testcase classname="com.ecommerce.automation.tests.RegistrationTest" name="shouldCreateAccountWithValidDetails" time="25.265"/>
  <testcase classname="com.ecommerce.automation.tests.RegistrationTest" name="shouldShowPasswordErrorWhenPasswordIsLessThanSixCharacters" time="22.094"/>
  <testcase classname="com.ecommerce.automation.tests.RegistrationTest" name="shouldValidateRegistrationFields" time="10.529"/>
</testsuite> <!-- com.ecommerce.automation.tests.RegistrationTest -->
