<?xml version="1.0" encoding="UTF-8"?>
<!-- Generated by org.testng.reporters.JUnitReportReporter -->
<testsuite hostname="DESKTOP-I3NEJG6" failures="0" tests="3" name="com.ecommerce.automation.tests.RegistrationTest" time="158.327" errors="0" timestamp="2026-06-10T09:52:37 IST" skipped="0">
  <testcase classname="com.ecommerce.automation.tests.RegistrationTest" name="shouldShowPopupMessageForInvalidEmailType" time="38.723"/>
  <testcase classname="com.ecommerce.automation.tests.RegistrationTest" name="shouldValidateRegistrationInputFields" time="87.747"/>
  <testcase classname="com.ecommerce.automation.tests.RegistrationTest" name="shouldCreateAccountWithValidDetails" time="31.857"/>
</testsuite> <!-- com.ecommerce.automation.tests.RegistrationTest -->
