<?xml version="1.0" encoding="UTF-8"?>
<!-- Generated by org.testng.reporters.JUnitReportReporter -->
<testsuite hostname="DESKTOP-I3NEJG6" failures="0" tests="3" name="com.ecommerce.automation.tests.AuthNavigationTest" time="79.040" errors="0" timestamp="2026-06-10T09:52:37 IST" skipped="0">
  <testcase classname="com.ecommerce.automation.tests.AuthNavigationTest" name="shouldNavigateFromLoginToSignup" time="46.602"/>
  <testcase classname="com.ecommerce.automation.tests.AuthNavigationTest" name="shouldOpenAndCloseForgotPasswordPopup" time="14.681"/>
  <testcase classname="com.ecommerce.automation.tests.AuthNavigationTest" name="shouldNavigateFromSignupToLogin" time="17.757"/>
</testsuite> <!-- com.ecommerce.automation.tests.AuthNavigationTest -->
