<?xml version="1.0" encoding="UTF-8"?>
<!-- Generated by org.testng.reporters.JUnitReportReporter -->
<testsuite hostname="DESKTOP-I3NEJG6" failures="0" tests="2" name="com.ecommerce.automation.tests.LoginLogoutTest" time="25.044" errors="0" timestamp="2026-06-08T09:09:28 IST" skipped="0">
  <testcase classname="com.ecommerce.automation.tests.LoginLogoutTest" name="shouldShowErrorMessageForInvalidCredentials" time="11.367"/>
  <testcase classname="com.ecommerce.automation.tests.LoginLogoutTest" name="shouldLoginWithValidCredentialsAndLogout" time="13.677"/>
</testsuite> <!-- com.ecommerce.automation.tests.LoginLogoutTest -->
