<?xml version="1.0" encoding="UTF-8"?>
<!-- Generated by org.testng.reporters.JUnitReportReporter -->
<testsuite hostname="DESKTOP-I3NEJG6" failures="0" tests="5" name="com.ecommerce.automation.tests.LoginTest" time="21.247" errors="0" timestamp="2026-06-11T08:52:58 IST" skipped="0">
  <testcase classname="com.ecommerce.automation.tests.LoginTest" name="shouldLoginWithValidCredentials" time="5.749"/>
  <testcase classname="com.ecommerce.automation.tests.LoginTest" name="shouldRedirectToLoginAfterSessionIsCleared" time="4.843"/>
  <testcase classname="com.ecommerce.automation.tests.LoginTest" name="shouldLogoutAfterLogin" time="2.975"/>
  <testcase classname="com.ecommerce.automation.tests.LoginTest" name="shouldShowErrorMessageForInvalidCredentials" time="2.490"/>
  <testcase classname="com.ecommerce.automation.tests.LoginTest" name="shouldRedirectToLoginAfterLogoutWhenOpeningDashboard" time="5.190"/>
</testsuite> <!-- com.ecommerce.automation.tests.LoginTest -->
