<?xml version="1.0" encoding="UTF-8"?>
<!-- Generated by org.testng.reporters.JUnitReportReporter -->
<testsuite hostname="DESKTOP-I3NEJG6" failures="0" tests="3" name="com.ecommerce.automation.tests.AuthNavigationTest" time="40.425" errors="0" timestamp="2026-06-08T09:09:28 IST" skipped="0">
  <testcase classname="com.ecommerce.automation.tests.AuthNavigationTest" name="shouldNavigateFromSignupToLogin" time="12.191"/>
  <testcase classname="com.ecommerce.automation.tests.AuthNavigationTest" name="shouldNavigateFromLoginToSignup" time="12.642"/>
  <testcase classname="com.ecommerce.automation.tests.AuthNavigationTest" name="shouldOpenAndCloseForgotPasswordPopup" time="15.592"/>
</testsuite> <!-- com.ecommerce.automation.tests.AuthNavigationTest -->
