<?xml version="1.0" encoding="UTF-8"?>
<!-- Generated by org.testng.reporters.JUnitReportReporter -->
<testsuite hostname="DESKTOP-I3NEJG6" failures="0" tests="5" name="com.ecommerce.automation.tests.LoginTest" time="20.286" errors="0" timestamp="2026-06-15T10:06:43 IST" skipped="0">
  <testcase classname="com.ecommerce.automation.tests.LoginTest" name="shouldShowErrorMessageForInvalidCredentials" time="1.645"/>
  <testcase classname="com.ecommerce.automation.tests.LoginTest" name="shouldLogoutAfterLogin" time="3.954"/>
  <testcase classname="com.ecommerce.automation.tests.LoginTest" name="shouldRedirectToLoginAfterSessionIsCleared" time="4.172"/>
  <testcase classname="com.ecommerce.automation.tests.LoginTest" name="shouldRedirectToLoginAfterLogoutWhenOpeningDashboard" time="2.608"/>
  <testcase classname="com.ecommerce.automation.tests.LoginTest" name="shouldLoginWithValidCredentials" time="7.907"/>
</testsuite> <!-- com.ecommerce.automation.tests.LoginTest -->
